<?xml version="1.0" encoding="UTF-8"?>
<testng-results ignored="0" total="1" passed="1" failed="0" skipped="0">
  <reporter-output>
  </reporter-output>
  <suite started-at="2023-08-11T20:29:02 IST" name="Default suite" finished-at="2023-08-11T20:31:05 IST" duration-ms="123386">
    <groups>
    </groups>
    <test started-at="2023-08-11T20:29:02 IST" name="Default test" finished-at="2023-08-11T20:31:05 IST" duration-ms="123386">
      <class name="vtiger.Pratice.CustomerDropdownOrgTest">
        <test-method signature="CustomerDropdownOrgTest()[pri:0, instance:vtiger.Pratice.CustomerDropdownOrgTest@7f3b84b8]" started-at="2023-08-11T20:29:02 IST" name="CustomerDropdownOrgTest" finished-at="2023-08-11T20:31:05 IST" duration-ms="123338" status="PASS">
          <reporter-output>
          </reporter-output>
        </test-method> <!-- CustomerDropdownOrgTest -->
      </class> <!-- vtiger.Pratice.CustomerDropdownOrgTest -->
    </test> <!-- Default test -->
  </suite> <!-- Default suite -->
</testng-results>
